I, [2015-02-13T13:49:24.405373 #5240]  INFO -- : (0.000000s) SET @@wait_timeout = 2147483
I, [2015-02-13T13:49:24.406373 #5240]  INFO -- : (0.000000s) SET SQL_AUTO_IS_NULL=0
I, [2015-02-13T13:49:24.425374 #5240]  INFO -- : (0.018001s) SELECT `product_id`, `product_name`, `product_description`, `product_category_id`, `product_supplier_id`, `product_code`, `product_pkg_count`, `product_available`, `product_cost`, `product_units`, `product_more_info`, `product_VAT_rate`, `product_default_quantity_available` FROM `product`
I, [2015-02-13T13:49:24.501378 #5240]  INFO -- : (0.008000s) SELECT `member_id`, `member_first_name`, `member_last_name`, `member_email`, `member_address1`, `member_address2`, `member_address3`, `member_town`, `member_county`, `member_postcode`, `supplier_id` FROM `member`
I, [2015-02-13T13:49:24.510379 #5240]  INFO -- : (0.006000s) SELECT `supplier_id`, `supplier_name`, `supplier_info`, `supplier_contact_name`, `supplier_phone`, `supplier_email`, `supplier_address1`, `supplier_address2`, `supplier_address3`, `supplier_town`, `supplier_county`, `supplier_postcode` FROM `supplier`
I, [2015-02-13T13:53:59.082835 #5600]  INFO -- : (0.000000s) SET @@wait_timeout = 2147483
I, [2015-02-13T13:53:59.082835 #5600]  INFO -- : (0.000000s) SET SQL_AUTO_IS_NULL=0
I, [2015-02-13T13:53:59.084835 #5600]  INFO -- : (0.002000s) SELECT `product_id`, `product_name`, `product_description`, `product_category_id`, `product_supplier_id`, `product_code`, `product_pkg_count`, `product_available`, `product_cost`, `product_units`, `product_more_info`, `product_VAT_rate`, `product_default_quantity_available` FROM `product`
I, [2015-02-13T13:53:59.131837 #5600]  INFO -- : (0.000000s) SELECT `member_id`, `member_first_name`, `member_last_name`, `member_email`, `member_address1`, `member_address2`, `member_address3`, `member_town`, `member_county`, `member_postcode`, `supplier_id` FROM `member`
I, [2015-02-13T13:53:59.135838 #5600]  INFO -- : (0.001000s) SELECT `supplier_id`, `supplier_name`, `supplier_info`, `supplier_contact_name`, `supplier_phone`, `supplier_email`, `supplier_address1`, `supplier_address2`, `supplier_address3`, `supplier_town`, `supplier_county`, `supplier_postcode` FROM `supplier`
I, [2015-02-13T14:19:51.234031 #8008]  INFO -- : (0.000000s) SET @@wait_timeout = 2147483
I, [2015-02-13T14:19:51.234031 #8008]  INFO -- : (0.000000s) SET SQL_AUTO_IS_NULL=0
I, [2015-02-13T14:19:51.236031 #8008]  INFO -- : (0.002000s) SELECT `product_id`, `product_name`, `product_description`, `product_category_id`, `product_supplier_id`, `product_code`, `product_pkg_count`, `product_available`, `product_cost`, `product_units`, `product_more_info`, `product_VAT_rate`, `product_default_quantity_available` FROM `product`
I, [2015-02-13T14:19:51.283034 #8008]  INFO -- : (0.001001s) SELECT `member_id`, `member_first_name`, `member_last_name`, `member_email`, `member_address1`, `member_address2`, `member_address3`, `member_town`, `member_county`, `member_postcode`, `supplier_id` FROM `member`
I, [2015-02-13T14:19:51.286034 #8008]  INFO -- : (0.000000s) SELECT `supplier_id`, `supplier_name`, `supplier_info`, `supplier_contact_name`, `supplier_phone`, `supplier_email`, `supplier_address1`, `supplier_address2`, `supplier_address3`, `supplier_town`, `supplier_county`, `supplier_postcode` FROM `supplier`
I, [2015-02-13T14:23:24.285743 #4044]  INFO -- : (0.000000s) SET @@wait_timeout = 2147483
I, [2015-02-13T14:23:24.285743 #4044]  INFO -- : (0.000000s) SET SQL_AUTO_IS_NULL=0
I, [2015-02-13T14:23:24.287743 #4044]  INFO -- : (0.002000s) SELECT `product_id`, `product_name`, `product_description`, `product_category_id`, `product_supplier_id`, `product_code`, `product_pkg_count`, `product_available`, `product_cost`, `product_units`, `product_more_info`, `product_VAT_rate`, `product_default_quantity_available` FROM `product`
I, [2015-02-13T14:23:24.333745 #4044]  INFO -- : (0.001000s) SELECT `member_id`, `member_first_name`, `member_last_name`, `member_email`, `member_address1`, `member_address2`, `member_address3`, `member_town`, `member_county`, `member_postcode`, `supplier_id` FROM `member`
I, [2015-02-13T14:23:24.336746 #4044]  INFO -- : (0.000000s) SELECT `supplier_id`, `supplier_name`, `supplier_info`, `supplier_contact_name`, `supplier_phone`, `supplier_email`, `supplier_address1`, `supplier_address2`, `supplier_address3`, `supplier_town`, `supplier_county`, `supplier_postcode` FROM `supplier`
I, [2015-02-13T14:25:37.086001 #6112]  INFO -- : (0.000000s) SET @@wait_timeout = 2147483
I, [2015-02-13T14:25:37.087001 #6112]  INFO -- : (0.000000s) SET SQL_AUTO_IS_NULL=0
I, [2015-02-13T14:25:37.089002 #6112]  INFO -- : (0.001001s) SELECT `product_id`, `product_name`, `product_description`, `product_category_id`, `product_supplier_id`, `product_code`, `product_pkg_count`, `product_available`, `product_cost`, `product_units`, `product_more_info`, `product_VAT_rate`, `product_default_quantity_available` FROM `product`
I, [2015-02-13T14:25:37.140005 #6112]  INFO -- : (0.000000s) SELECT `member_id`, `member_first_name`, `member_last_name`, `member_email`, `member_address1`, `member_address2`, `member_address3`, `member_town`, `member_county`, `member_postcode`, `supplier_id` FROM `member`
I, [2015-02-13T14:25:37.145005 #6112]  INFO -- : (0.000000s) SELECT `supplier_id`, `supplier_name`, `supplier_info`, `supplier_contact_name`, `supplier_phone`, `supplier_email`, `supplier_address1`, `supplier_address2`, `supplier_address3`, `supplier_town`, `supplier_county`, `supplier_postcode` FROM `supplier`
I, [2015-02-14T20:08:39.543797 #2588]  INFO -- : (0.000000s) SET @@wait_timeout = 2147483
I, [2015-02-14T20:08:39.543797 #2588]  INFO -- : (0.000000s) SET SQL_AUTO_IS_NULL=0
I, [2015-02-14T20:08:39.545797 #2588]  INFO -- : (0.002000s) SELECT `product_id`, `product_name`, `product_description`, `product_category_id`, `product_supplier_id`, `product_code`, `product_pkg_count`, `product_available`, `product_cost`, `product_units`, `product_more_info`, `product_VAT_rate`, `product_default_quantity_available` FROM `product`
I, [2015-02-14T20:08:39.596800 #2588]  INFO -- : (0.001000s) SELECT `member_id`, `member_first_name`, `member_last_name`, `member_email`, `member_address1`, `member_address2`, `member_address3`, `member_town`, `member_county`, `member_postcode`, `supplier_id` FROM `member`
I, [2015-02-14T20:08:39.600800 #2588]  INFO -- : (0.001000s) SELECT `supplier_id`, `supplier_name`, `supplier_info`, `supplier_contact_name`, `supplier_phone`, `supplier_email`, `supplier_address1`, `supplier_address2`, `supplier_address3`, `supplier_town`, `supplier_county`, `supplier_postcode` FROM `supplier`
I, [2015-02-25T15:54:24.197563 #15804]  INFO -- : (0.001000s) SET @@wait_timeout = 2147483
I, [2015-02-25T15:54:24.197563 #15804]  INFO -- : (0.000000s) SET SQL_AUTO_IS_NULL=0
I, [2015-02-25T15:54:24.212564 #15804]  INFO -- : (0.013000s) SELECT `product_id`, `product_name`, `product_description`, `product_category_id`, `product_supplier_id`, `product_code`, `product_pkg_count`, `product_available`, `product_cost`, `product_units`, `product_more_info`, `product_VAT_rate`, `product_default_quantity_available` FROM `product`
I, [2015-02-25T15:54:24.266567 #15804]  INFO -- : (0.003000s) SELECT `member_id`, `member_first_name`, `member_last_name`, `member_email`, `member_address1`, `member_address2`, `member_address3`, `member_town`, `member_county`, `member_postcode`, `supplier_id` FROM `member`
I, [2015-02-25T15:54:24.273568 #15804]  INFO -- : (0.003000s) SELECT `supplier_id`, `supplier_name`, `supplier_info`, `supplier_contact_name`, `supplier_phone`, `supplier_email`, `supplier_address1`, `supplier_address2`, `supplier_address3`, `supplier_town`, `supplier_county`, `supplier_postcode` FROM `supplier`
I, [2015-02-25T16:01:45.186701 #10100]  INFO -- : (0.000000s) SET @@wait_timeout = 2147483
I, [2015-02-25T16:01:45.187701 #10100]  INFO -- : (0.001000s) SET SQL_AUTO_IS_NULL=0
I, [2015-02-25T16:01:45.189701 #10100]  INFO -- : (0.002000s) SELECT `product_id`, `product_name`, `product_description`, `product_category_id`, `product_supplier_id`, `product_code`, `product_pkg_count`, `product_available`, `product_cost`, `product_units`, `product_more_info`, `product_VAT_rate`, `product_default_quantity_available` FROM `product`
I, [2015-02-25T16:01:45.244704 #10100]  INFO -- : (0.001000s) SELECT `member_id`, `member_first_name`, `member_last_name`, `member_email`, `member_address1`, `member_address2`, `member_address3`, `member_town`, `member_county`, `member_postcode`, `supplier_id` FROM `member`
I, [2015-02-25T16:01:45.247704 #10100]  INFO -- : (0.000000s) SELECT `supplier_id`, `supplier_name`, `supplier_info`, `supplier_contact_name`, `supplier_phone`, `supplier_email`, `supplier_address1`, `supplier_address2`, `supplier_address3`, `supplier_town`, `supplier_county`, `supplier_postcode` FROM `supplier`
I, [2015-03-13T15:29:15.522869 #6108]  INFO -- : (0.000000s) SET @@wait_timeout = 2147483
I, [2015-03-13T15:29:15.525869 #6108]  INFO -- : (0.000000s) SET SQL_AUTO_IS_NULL=0
I, [2015-03-13T15:29:15.539870 #6108]  INFO -- : (0.013001s) SELECT `product_id`, `product_name`, `product_description`, `product_category_id`, `product_supplier_id`, `product_code`, `product_pkg_count`, `product_available`, `product_cost`, `product_units`, `product_more_info`, `product_VAT_rate`, `product_default_quantity_available` FROM `product`
I, [2015-03-13T15:29:15.594873 #6108]  INFO -- : (0.004000s) SELECT `member_id`, `member_first_name`, `member_last_name`, `member_email`, `member_address1`, `member_address2`, `member_address3`, `member_town`, `member_county`, `member_postcode`, `supplier_id` FROM `member`
I, [2015-03-13T15:29:15.601873 #6108]  INFO -- : (0.003000s) SELECT `supplier_id`, `supplier_name`, `supplier_info`, `supplier_contact_name`, `supplier_phone`, `supplier_email`, `supplier_address1`, `supplier_address2`, `supplier_address3`, `supplier_town`, `supplier_county`, `supplier_postcode` FROM `supplier`
I, [2015-03-13T16:23:11.986706 #4764]  INFO -- : (0.000000s) SET @@wait_timeout = 2147483
I, [2015-03-13T16:23:11.987706 #4764]  INFO -- : (0.000000s) SET SQL_AUTO_IS_NULL=0
I, [2015-03-13T16:23:11.989707 #4764]  INFO -- : (0.002001s) SELECT `product_id`, `product_name`, `product_description`, `product_category_id`, `product_supplier_id`, `product_code`, `product_pkg_count`, `product_available`, `product_cost`, `product_units`, `product_more_info`, `product_VAT_rate`, `product_default_quantity_available` FROM `product`
I, [2015-03-13T16:23:12.044710 #4764]  INFO -- : (0.001000s) SELECT `member_id`, `member_first_name`, `member_last_name`, `member_email`, `member_address1`, `member_address2`, `member_address3`, `member_town`, `member_county`, `member_postcode`, `supplier_id` FROM `member`
I, [2015-03-13T16:23:12.048710 #4764]  INFO -- : (0.000000s) SELECT `supplier_id`, `supplier_name`, `supplier_info`, `supplier_contact_name`, `supplier_phone`, `supplier_email`, `supplier_address1`, `supplier_address2`, `supplier_address3`, `supplier_town`, `supplier_county`, `supplier_postcode` FROM `supplier`
I, [2015-03-13T16:29:22.830917 #4012]  INFO -- : (0.000000s) SET @@wait_timeout = 2147483
I, [2015-03-13T16:29:22.831918 #4012]  INFO -- : (0.000000s) SET SQL_AUTO_IS_NULL=0
I, [2015-03-13T16:29:22.833918 #4012]  INFO -- : (0.002000s) SELECT `product_id`, `product_name`, `product_description`, `product_category_id`, `product_supplier_id`, `product_code`, `product_pkg_count`, `product_available`, `product_cost`, `product_units`, `product_more_info`, `product_VAT_rate`, `product_default_quantity_available` FROM `product`
I, [2015-03-13T16:29:22.886921 #4012]  INFO -- : (0.000000s) SELECT `member_id`, `member_first_name`, `member_last_name`, `member_email`, `member_address1`, `member_address2`, `member_address3`, `member_town`, `member_county`, `member_postcode`, `supplier_id` FROM `member`
I, [2015-03-13T16:29:22.891921 #4012]  INFO -- : (0.000000s) SELECT `supplier_id`, `supplier_name`, `supplier_info`, `supplier_contact_name`, `supplier_phone`, `supplier_email`, `supplier_address1`, `supplier_address2`, `supplier_address3`, `supplier_town`, `supplier_county`, `supplier_postcode` FROM `supplier`
I, [2015-03-13T16:35:22.128468 #5676]  INFO -- : (0.001000s) SET @@wait_timeout = 2147483
I, [2015-03-13T16:35:22.128468 #5676]  INFO -- : (0.000000s) SET SQL_AUTO_IS_NULL=0
I, [2015-03-13T16:35:22.130468 #5676]  INFO -- : (0.002000s) SELECT `product_id`, `product_name`, `product_description`, `product_category_id`, `product_supplier_id`, `product_code`, `product_pkg_count`, `product_available`, `product_cost`, `product_units`, `product_more_info`, `product_VAT_rate`, `product_default_quantity_available` FROM `product`
I, [2015-03-13T16:35:22.181471 #5676]  INFO -- : (0.000000s) SELECT `member_id`, `member_first_name`, `member_last_name`, `member_email`, `member_address1`, `member_address2`, `member_address3`, `member_town`, `member_county`, `member_postcode`, `supplier_id` FROM `member`
I, [2015-03-13T16:35:22.186471 #5676]  INFO -- : (0.000000s) SELECT `supplier_id`, `supplier_name`, `supplier_info`, `supplier_contact_name`, `supplier_phone`, `supplier_email`, `supplier_address1`, `supplier_address2`, `supplier_address3`, `supplier_town`, `supplier_county`, `supplier_postcode` FROM `supplier`
I, [2015-03-23T17:25:30.257222 #9236]  INFO -- : (0.000000s) SET @@wait_timeout = 2147483
I, [2015-03-23T17:25:30.258222 #9236]  INFO -- : (0.000000s) SET SQL_AUTO_IS_NULL=0
I, [2015-03-23T17:25:30.280223 #9236]  INFO -- : (0.022001s) SELECT `product_id`, `product_name`, `product_description`, `product_category_id`, `product_supplier_id`, `product_code`, `product_pkg_count`, `product_available`, `product_cost`, `product_units`, `product_more_info`, `product_VAT_rate`, `product_default_quantity_available` FROM `product`
I, [2015-03-23T17:25:31.506293 #9236]  INFO -- : (0.004000s) SELECT `member_id`, `member_first_name`, `member_last_name`, `member_email`, `member_address1`, `member_address2`, `member_address3`, `member_town`, `member_county`, `member_postcode`, `supplier_id` FROM `member`
I, [2015-03-23T17:25:31.797310 #9236]  INFO -- : (0.003000s) SELECT `supplier_id`, `supplier_name`, `supplier_info`, `supplier_contact_name`, `supplier_phone`, `supplier_email`, `supplier_address1`, `supplier_address2`, `supplier_address3`, `supplier_town`, `supplier_county`, `supplier_postcode` FROM `supplier`
I, [2015-03-25T20:05:18.365088 #1108]  INFO -- : (0.001000s) SET @@wait_timeout = 2147483
I, [2015-03-25T20:05:18.365088 #1108]  INFO -- : (0.000000s) SET SQL_AUTO_IS_NULL=0
I, [2015-03-25T20:05:18.386089 #1108]  INFO -- : (0.021001s) SELECT `product_id`, `product_name`, `product_description`, `product_category_id`, `product_supplier_id`, `product_code`, `product_pkg_count`, `product_available`, `product_cost`, `product_units`, `product_more_info`, `product_VAT_rate`, `product_default_quantity_available` FROM `product`
I, [2015-03-25T20:05:19.428149 #1108]  INFO -- : (0.004000s) SELECT `member_id`, `member_first_name`, `member_last_name`, `member_email`, `member_address1`, `member_address2`, `member_address3`, `member_town`, `member_county`, `member_postcode`, `supplier_id` FROM `member`
I, [2015-03-25T20:05:19.689164 #1108]  INFO -- : (0.002000s) SELECT `supplier_id`, `supplier_name`, `supplier_info`, `supplier_contact_name`, `supplier_phone`, `supplier_email`, `supplier_address1`, `supplier_address2`, `supplier_address3`, `supplier_town`, `supplier_county`, `supplier_postcode` FROM `supplier`
I, [2015-03-30T18:46:43.855478 #1836]  INFO -- : (0.006000s) SET @@wait_timeout = 2147483
I, [2015-03-30T18:46:43.856478 #1836]  INFO -- : (0.000000s) SET SQL_AUTO_IS_NULL=0
I, [2015-03-30T18:46:43.881480 #1836]  INFO -- : (0.025002s) SELECT `product_id`, `product_name`, `product_description`, `product_category_id`, `product_supplier_id`, `product_code`, `product_pkg_count`, `product_available`, `product_cost`, `product_units`, `product_more_info`, `product_VAT_rate`, `product_default_quantity_available` FROM `product`
I, [2015-03-30T18:46:44.936540 #1836]  INFO -- : (0.005000s) SELECT `member_id`, `member_first_name`, `member_last_name`, `member_email`, `member_address1`, `member_address2`, `member_address3`, `member_town`, `member_county`, `member_postcode`, `supplier_id` FROM `member`
I, [2015-03-30T18:46:45.200555 #1836]  INFO -- : (0.005000s) SELECT `supplier_id`, `supplier_name`, `supplier_info`, `supplier_contact_name`, `supplier_phone`, `supplier_email`, `supplier_address1`, `supplier_address2`, `supplier_address3`, `supplier_town`, `supplier_county`, `supplier_postcode` FROM `supplier`
I, [2015-03-30T19:02:08.260351 #2452]  INFO -- : (0.000000s) SET @@wait_timeout = 2147483
I, [2015-03-30T19:02:08.260351 #2452]  INFO -- : (0.000000s) SET SQL_AUTO_IS_NULL=0
I, [2015-03-30T19:02:08.279352 #2452]  INFO -- : (0.018001s) SELECT `product_id`, `product_name`, `product_description`, `product_category_id`, `product_supplier_id`, `product_code`, `product_pkg_count`, `product_available`, `product_cost`, `product_units`, `product_more_info`, `product_VAT_rate`, `product_default_quantity_available` FROM `product`
I, [2015-03-30T19:02:09.393416 #2452]  INFO -- : (0.003000s) SELECT `member_id`, `member_first_name`, `member_last_name`, `member_email`, `member_address1`, `member_address2`, `member_address3`, `member_town`, `member_county`, `member_postcode`, `supplier_id` FROM `member`
I, [2015-03-30T19:02:09.675432 #2452]  INFO -- : (0.002000s) SELECT `supplier_id`, `supplier_name`, `supplier_info`, `supplier_contact_name`, `supplier_phone`, `supplier_email`, `supplier_address1`, `supplier_address2`, `supplier_address3`, `supplier_town`, `supplier_county`, `supplier_postcode` FROM `supplier`
I, [2015-03-30T19:03:51.193239 #34984]  INFO -- : (0.000000s) SET @@wait_timeout = 2147483
I, [2015-03-30T19:03:51.193239 #34984]  INFO -- : (0.000000s) SET SQL_AUTO_IS_NULL=0
I, [2015-03-30T19:03:51.194239 #34984]  INFO -- : (0.001000s) SELECT `product_id`, `product_name`, `product_description`, `product_category_id`, `product_supplier_id`, `product_code`, `product_pkg_count`, `product_available`, `product_cost`, `product_units`, `product_more_info`, `product_VAT_rate`, `product_default_quantity_available` FROM `product`
I, [2015-03-30T19:03:51.198239 #34984]  INFO -- : (0.001000s) SELECT `member_id`, `member_first_name`, `member_last_name`, `member_email`, `member_address1`, `member_address2`, `member_address3`, `member_town`, `member_county`, `member_postcode`, `supplier_id` FROM `member`
I, [2015-03-30T19:03:51.202239 #34984]  INFO -- : (0.001000s) SELECT `supplier_id`, `supplier_name`, `supplier_info`, `supplier_contact_name`, `supplier_phone`, `supplier_email`, `supplier_address1`, `supplier_address2`, `supplier_address3`, `supplier_town`, `supplier_county`, `supplier_postcode` FROM `supplier`
I, [2015-03-30T20:56:45.994735 #38340]  INFO -- : (0.000000s) SET @@wait_timeout = 2147483
I, [2015-03-30T20:56:45.994735 #38340]  INFO -- : (0.000000s) SET SQL_AUTO_IS_NULL=0
I, [2015-03-30T20:56:45.995735 #38340]  INFO -- : (0.001000s) SELECT `product_id`, `product_name`, `product_description`, `product_category_id`, `product_supplier_id`, `product_code`, `product_pkg_count`, `product_available`, `product_cost`, `product_units`, `product_more_info`, `product_VAT_rate`, `product_default_quantity_available` FROM `product`
I, [2015-03-30T20:56:46.000735 #38340]  INFO -- : (0.001000s) SELECT `member_id`, `member_first_name`, `member_last_name`, `member_email`, `member_address1`, `member_address2`, `member_address3`, `member_town`, `member_county`, `member_postcode`, `supplier_id` FROM `member`
I, [2015-03-30T20:56:46.003736 #38340]  INFO -- : (0.001000s) SELECT `supplier_id`, `supplier_name`, `supplier_info`, `supplier_contact_name`, `supplier_phone`, `supplier_email`, `supplier_address1`, `supplier_address2`, `supplier_address3`, `supplier_town`, `supplier_county`, `supplier_postcode` FROM `supplier`
I, [2015-03-30T21:02:02.460836 #11312]  INFO -- : (0.000000s) SET @@wait_timeout = 2147483
I, [2015-03-30T21:02:02.460836 #11312]  INFO -- : (0.000000s) SET SQL_AUTO_IS_NULL=0
I, [2015-03-30T21:02:02.462836 #11312]  INFO -- : (0.002000s) SELECT `product_id`, `product_name`, `product_description`, `product_category_id`, `product_supplier_id`, `product_code`, `product_pkg_count`, `product_available`, `product_cost`, `product_units`, `product_more_info`, `product_VAT_rate`, `product_default_quantity_available` FROM `product`
I, [2015-03-30T21:02:02.465836 #11312]  INFO -- : (0.000000s) SELECT `member_id`, `member_first_name`, `member_last_name`, `member_email`, `member_address1`, `member_address2`, `member_address3`, `member_town`, `member_county`, `member_postcode`, `supplier_id` FROM `member`
I, [2015-03-30T21:02:02.469836 #11312]  INFO -- : (0.001000s) SELECT `supplier_id`, `supplier_name`, `supplier_info`, `supplier_contact_name`, `supplier_phone`, `supplier_email`, `supplier_address1`, `supplier_address2`, `supplier_address3`, `supplier_town`, `supplier_county`, `supplier_postcode` FROM `supplier`
I, [2015-03-31T18:17:23.063618 #55008]  INFO -- : (0.000000s) SET @@wait_timeout = 2147483
I, [2015-03-31T18:17:23.064618 #55008]  INFO -- : (0.000000s) SET SQL_AUTO_IS_NULL=0
I, [2015-03-31T18:17:23.068618 #55008]  INFO -- : (0.004000s) SELECT `product_id`, `product_name`, `product_description`, `product_category_id`, `product_supplier_id`, `product_code`, `product_pkg_count`, `product_available`, `product_cost`, `product_units`, `product_more_info`, `product_VAT_rate`, `product_default_quantity_available` FROM `product`
I, [2015-03-31T18:17:23.073619 #55008]  INFO -- : (0.001000s) SELECT `member_id`, `member_first_name`, `member_last_name`, `member_email`, `member_address1`, `member_address2`, `member_address3`, `member_town`, `member_county`, `member_postcode`, `supplier_id` FROM `member`
I, [2015-03-31T18:17:23.075619 #55008]  INFO -- : (0.000000s) SELECT `supplier_id`, `supplier_name`, `supplier_info`, `supplier_contact_name`, `supplier_phone`, `supplier_email`, `supplier_address1`, `supplier_address2`, `supplier_address3`, `supplier_town`, `supplier_county`, `supplier_postcode` FROM `supplier`
I, [2015-03-31T18:18:37.252862 #54784]  INFO -- : (0.001001s) SET @@wait_timeout = 2147483
I, [2015-03-31T18:18:37.252862 #54784]  INFO -- : (0.000000s) SET SQL_AUTO_IS_NULL=0
I, [2015-03-31T18:18:37.271863 #54784]  INFO -- : (0.019001s) SELECT `product_id`, `product_name`, `product_description`, `product_category_id`, `product_supplier_id`, `product_code`, `product_pkg_count`, `product_available`, `product_cost`, `product_units`, `product_more_info`, `product_VAT_rate`, `product_default_quantity_available` FROM `product`
I, [2015-03-31T18:18:38.402927 #54784]  INFO -- : (0.002000s) SELECT `member_id`, `member_first_name`, `member_last_name`, `member_email`, `member_address1`, `member_address2`, `member_address3`, `member_town`, `member_county`, `member_postcode`, `supplier_id` FROM `member`
I, [2015-03-31T18:18:38.673943 #54784]  INFO -- : (0.002000s) SELECT `supplier_id`, `supplier_name`, `supplier_info`, `supplier_contact_name`, `supplier_phone`, `supplier_email`, `supplier_address1`, `supplier_address2`, `supplier_address3`, `supplier_town`, `supplier_county`, `supplier_postcode` FROM `supplier`
I, [2015-03-31T18:22:47.910198 #50392]  INFO -- : (0.000000s) SET @@wait_timeout = 2147483
I, [2015-03-31T18:22:47.910198 #50392]  INFO -- : (0.000000s) SET SQL_AUTO_IS_NULL=0
I, [2015-03-31T18:22:47.928199 #50392]  INFO -- : (0.018001s) SELECT `product_id`, `product_name`, `product_description`, `product_category_id`, `product_supplier_id`, `product_code`, `product_pkg_count`, `product_available`, `product_cost`, `product_units`, `product_more_info`, `product_VAT_rate`, `product_default_quantity_available` FROM `product`
I, [2015-03-31T18:22:49.003261 #50392]  INFO -- : (0.002000s) SELECT `member_id`, `member_first_name`, `member_last_name`, `member_email`, `member_address1`, `member_address2`, `member_address3`, `member_town`, `member_county`, `member_postcode`, `supplier_id` FROM `member`
I, [2015-03-31T18:22:49.264276 #50392]  INFO -- : (0.001000s) SELECT `supplier_id`, `supplier_name`, `supplier_info`, `supplier_contact_name`, `supplier_phone`, `supplier_email`, `supplier_address1`, `supplier_address2`, `supplier_address3`, `supplier_town`, `supplier_county`, `supplier_postcode` FROM `supplier`
I, [2015-03-31T18:37:26.001422 #54352]  INFO -- : (0.000000s) SET @@wait_timeout = 2147483
I, [2015-03-31T18:37:26.002422 #54352]  INFO -- : (0.000000s) SET SQL_AUTO_IS_NULL=0
I, [2015-03-31T18:37:26.019423 #54352]  INFO -- : (0.017001s) SELECT `product_id`, `product_name`, `product_description`, `product_category_id`, `product_supplier_id`, `product_code`, `product_pkg_count`, `product_available`, `product_cost`, `product_units`, `product_more_info`, `product_VAT_rate`, `product_default_quantity_available` FROM `product`
I, [2015-03-31T18:37:27.157488 #54352]  INFO -- : (0.002000s) SELECT `member_id`, `member_first_name`, `member_last_name`, `member_email`, `member_address1`, `member_address2`, `member_address3`, `member_town`, `member_county`, `member_postcode`, `supplier_id` FROM `member`
I, [2015-03-31T18:37:27.426504 #54352]  INFO -- : (0.002000s) SELECT `supplier_id`, `supplier_name`, `supplier_info`, `supplier_contact_name`, `supplier_phone`, `supplier_email`, `supplier_address1`, `supplier_address2`, `supplier_address3`, `supplier_town`, `supplier_county`, `supplier_postcode` FROM `supplier`
I, [2015-03-31T18:40:52.242219 #53520]  INFO -- : (0.001001s) SET @@wait_timeout = 2147483
I, [2015-03-31T18:40:52.242219 #53520]  INFO -- : (0.000000s) SET SQL_AUTO_IS_NULL=0
I, [2015-03-31T18:40:52.260220 #53520]  INFO -- : (0.018001s) SELECT `product_id`, `product_name`, `product_description`, `product_category_id`, `product_supplier_id`, `product_code`, `product_pkg_count`, `product_available`, `product_cost`, `product_units`, `product_more_info`, `product_VAT_rate`, `product_default_quantity_available` FROM `product`
I, [2015-03-31T18:40:53.333281 #53520]  INFO -- : (0.003000s) SELECT `member_id`, `member_first_name`, `member_last_name`, `member_email`, `member_address1`, `member_address2`, `member_address3`, `member_town`, `member_county`, `member_postcode`, `supplier_id` FROM `member`
I, [2015-03-31T18:40:53.597296 #53520]  INFO -- : (0.002000s) SELECT `supplier_id`, `supplier_name`, `supplier_info`, `supplier_contact_name`, `supplier_phone`, `supplier_email`, `supplier_address1`, `supplier_address2`, `supplier_address3`, `supplier_town`, `supplier_county`, `supplier_postcode` FROM `supplier`
I, [2015-04-16T14:30:24.991387 #33072]  INFO -- : (0.000000s) SET @@wait_timeout = 2147483
I, [2015-04-16T14:30:24.992387 #33072]  INFO -- : (0.000000s) SET SQL_AUTO_IS_NULL=0
I, [2015-04-16T14:30:24.998387 #33072]  INFO -- : (0.006000s) SELECT `product_id`, `product_name`, `product_description`, `product_category_id`, `product_supplier_id`, `product_code`, `product_pkg_count`, `product_available`, `product_cost`, `product_units`, `product_more_info`, `product_VAT_rate`, `product_default_quantity_available` FROM `product`
I, [2015-04-16T14:30:25.437412 #33072]  INFO -- : (0.003000s) SELECT `member_id`, `member_first_name`, `member_last_name`, `member_email`, `member_address1`, `member_address2`, `member_address3`, `member_town`, `member_county`, `member_postcode`, `supplier_id` FROM `member`
I, [2015-04-16T14:30:25.528418 #33072]  INFO -- : (0.003000s) SELECT `supplier_id`, `supplier_name`, `supplier_info`, `supplier_contact_name`, `supplier_phone`, `supplier_email`, `supplier_address1`, `supplier_address2`, `supplier_address3`, `supplier_town`, `supplier_county`, `supplier_postcode` FROM `supplier`
I, [2015-04-16T20:27:58.362662 #44292]  INFO -- : (0.000000s) SET @@wait_timeout = 2147483
I, [2015-04-16T20:27:58.362662 #44292]  INFO -- : (0.000000s) SET SQL_AUTO_IS_NULL=0
I, [2015-04-16T20:27:58.367663 #44292]  INFO -- : (0.005001s) SELECT `product_id`, `product_name`, `product_description`, `product_category_id`, `product_supplier_id`, `product_code`, `product_pkg_count`, `product_available`, `product_cost`, `product_units`, `product_more_info`, `product_VAT_rate`, `product_default_quantity_available` FROM `product`
I, [2015-04-16T20:27:58.819689 #44292]  INFO -- : (0.001001s) SELECT `member_id`, `member_first_name`, `member_last_name`, `member_email`, `member_address1`, `member_address2`, `member_address3`, `member_town`, `member_county`, `member_postcode`, `supplier_id` FROM `member`
I, [2015-04-16T20:27:58.914694 #44292]  INFO -- : (0.001000s) SELECT `supplier_id`, `supplier_name`, `supplier_info`, `supplier_contact_name`, `supplier_phone`, `supplier_email`, `supplier_address1`, `supplier_address2`, `supplier_address3`, `supplier_town`, `supplier_county`, `supplier_postcode` FROM `supplier`
I, [2015-11-05T13:38:55.877616 #5092]  INFO -- : (0.000500s) SET @@wait_timeout = 2147483
I, [2015-11-05T13:38:55.878616 #5092]  INFO -- : (0.000000s) SET SQL_AUTO_IS_NULL=0
I, [2015-11-05T13:38:55.892118 #5092]  INFO -- : (0.013002s) SELECT `product_id`, `product_name`, `product_description`, `product_category_id`, `product_supplier_id`, `product_code`, `product_pkg_count`, `product_available`, `product_cost`, `product_units`, `product_more_info`, `product_VAT_rate`, `product_default_quantity_available` FROM `product`
I, [2015-11-05T13:38:56.486193 #5092]  INFO -- : (0.009001s) SELECT `member_id`, `member_first_name`, `member_last_name`, `member_email`, `member_address1`, `member_address2`, `member_address3`, `member_town`, `member_county`, `member_postcode`, `supplier_id` FROM `member`
I, [2015-11-05T13:38:56.625211 #5092]  INFO -- : (0.008001s) SELECT `supplier_id`, `supplier_name`, `supplier_info`, `supplier_contact_name`, `supplier_phone`, `supplier_email`, `supplier_address1`, `supplier_address2`, `supplier_address3`, `supplier_town`, `supplier_county`, `supplier_postcode` FROM `supplier`
